nohup: ignoring input

> pharma-care-backend@1.0.0 dev
> nodemon --exec ts-node src/server.ts

[33m[nodemon] 3.1.10[39m
[33m[nodemon] to restart at any time, enter `rs`[39m
[33m[nodemon] watching path(s): *.*[39m
[33m[nodemon] watching extensions: ts,json[39m
[32m[nodemon] starting `ts-node src/server.ts`[39m
node:events:496
      throw er; // Unhandled 'error' event
      ^

Error: EBADF: bad file descriptor, read
Emitted 'error' event on ReadStream instance at:
    at emitErrorNT (node:internal/streams/destroy:170:8)
    at errorOrDestroy (node:internal/streams/destroy:239:7)
    at node:internal/fs/streams:272:9
    at FSReqCallback.wrapper [as oncomplete] (node:fs:672:5) {
  errno: -9,
  code: 'EBADF',
  syscall: 'read'
}

Node.js v22.14.0
Paystack Service initialized with:  {
  secretKeyExists: true,
  publicKeyExists: true,
  webhookSecretExists: true,
  secretKeyFirstChars: 'sk_te...',
  publicKeyFirstChars: 'pk_te...'
}
Twilio SMS service not configured - using mock mode. Please set valid TWILIO_ACCOUNT_SID, TWILIO_AUTH_TOKEN, and TWILIO_PHONE_NUMBER in your .env file
[32minfo[39m: System metrics collection started {"service":"pharma-care-api","timestamp":"2025-09-18 19:24:17"}
Uncaught Exception: listen EADDRINUSE: address already in use :::5000
