{"level":"info","message":"System metrics collection started","service":"pharma-care-api","timestamp":"2025-09-19 14:43:03"}
{"level":"info","message":"Daily workspace stats recalculation job scheduled","service":"pharma-care-api","timestamp":"2025-09-19 14:43:19"}
{"level":"info","message":"Monthly API call reset job scheduled","service":"pharma-care-api","timestamp":"2025-09-19 14:43:19"}
{"level":"info","message":"Stale stats check job scheduled","service":"pharma-care-api","timestamp":"2025-09-19 14:43:19"}
{"level":"info","message":"Workspace stats cron jobs started","service":"pharma-care-api","timestamp":"2025-09-19 14:43:19"}
{"level":"info","message":"Usage alert check job scheduled (every 6 hours)","service":"pharma-care-api","timestamp":"2025-09-19 14:43:19"}
{"level":"info","message":"Usage alert cron job started","service":"pharma-care-api","timestamp":"2025-09-19 14:43:19"}
{"alertId":"v5sqiig1g","level":"warn","message":"Alert fired: High Memory Usage: memory_heap_usage_percent is 95.55666667153375%, threshold is 85%","metric":"memory_heap_usage_percent","ruleId":"4g4aglwgj","service":"pharma-care-api","threshold":85,"timestamp":"2025-09-19 14:43:33","value":95.55666667153375}
{"action":"USER_LOGIN_SUCCESS","auditId":"68cd5e05db23d5fc6a08f8f9","category":"authentication","ipAddress":"::1","level":"info","message":"System Audit Log","riskScore":3,"service":"system-audit","severity":"low","suspicious":false,"timestamp":"2025-09-19 14:43:33","userId":"68b5cb81f1f0f9758b8afadd"}
{"action":"CLINICAL_NOTE_ROUTE_ACCESS","auditId":"68cd5e0bdb23d5fc6a08fa0d","category":"data_access","ipAddress":"::1","level":"info","message":"System Audit Log","riskScore":3,"service":"system-audit","severity":"low","suspicious":false,"timestamp":"2025-09-19 14:43:39","userId":"68b5cb81f1f0f9758b8afadd"}
{"action":"LIST_CLINICAL_NOTES","auditId":"68cd5e0bdb23d5fc6a08fa0e","category":"data_access","ipAddress":"::1","level":"info","message":"System Audit Log","riskScore":3,"service":"system-audit","severity":"low","suspicious":false,"timestamp":"2025-09-19 14:43:39","userId":"68b5cb81f1f0f9758b8afadd"}
{"action":"CLINICAL_NOTE_ROUTE_ACCESS","auditId":"68cd5e0cdb23d5fc6a08fa2f","category":"data_access","ipAddress":"::1","level":"info","message":"System Audit Log","riskScore":3,"service":"system-audit","severity":"low","suspicious":false,"timestamp":"2025-09-19 14:43:40","userId":"68b5cb81f1f0f9758b8afadd"}
{"action":"LIST_CLINICAL_NOTES","auditId":"68cd5e0cdb23d5fc6a08fa30","category":"data_access","ipAddress":"::1","level":"info","message":"System Audit Log","riskScore":3,"service":"system-audit","severity":"low","suspicious":false,"timestamp":"2025-09-19 14:43:40","userId":"68b5cb81f1f0f9758b8afadd"}
{"action":"CLINICAL_NOTE_ROUTE_ACCESS","auditId":"68cd5e10db23d5fc6a08fa7c","category":"data_access","ipAddress":"::1","level":"info","message":"System Audit Log","riskScore":3,"service":"system-audit","severity":"low","suspicious":false,"timestamp":"2025-09-19 14:43:44","userId":"68b5cb81f1f0f9758b8afadd"}
{"action":"LIST_CLINICAL_NOTES","auditId":"68cd5e10db23d5fc6a08fa7d","category":"data_access","ipAddress":"::1","level":"info","message":"System Audit Log","riskScore":3,"service":"system-audit","severity":"low","suspicious":false,"timestamp":"2025-09-19 14:43:44","userId":"68b5cb81f1f0f9758b8afadd"}
{"action":"CLINICAL_NOTE_ROUTE_ACCESS","auditId":"68cd5e10db23d5fc6a08fa81","category":"data_access","ipAddress":"::1","level":"info","message":"System Audit Log","riskScore":3,"service":"system-audit","severity":"low","suspicious":false,"timestamp":"2025-09-19 14:43:44","userId":"68b5cb81f1f0f9758b8afadd"}
{"action":"LIST_CLINICAL_NOTES","auditId":"68cd5e10db23d5fc6a08fa82","category":"data_access","ipAddress":"::1","level":"info","message":"System Audit Log","riskScore":3,"service":"system-audit","severity":"low","suspicious":false,"timestamp":"2025-09-19 14:43:44","userId":"68b5cb81f1f0f9758b8afadd"}
{"action":"CLINICAL_NOTE_ROUTE_ACCESS","auditId":"68cd5e12db23d5fc6a08fab1","category":"data_access","ipAddress":"::1","level":"info","message":"System Audit Log","riskScore":3,"service":"system-audit","severity":"low","suspicious":false,"timestamp":"2025-09-19 14:43:46","userId":"68b5cb81f1f0f9758b8afadd"}
{"action":"LIST_CLINICAL_NOTES","auditId":"68cd5e12db23d5fc6a08fab2","category":"data_access","ipAddress":"::1","level":"info","message":"System Audit Log","riskScore":3,"service":"system-audit","severity":"low","suspicious":false,"timestamp":"2025-09-19 14:43:46","userId":"68b5cb81f1f0f9758b8afadd"}
{"action":"CLINICAL_NOTE_ROUTE_ACCESS","auditId":"68cd5e13db23d5fc6a08fac6","category":"data_access","ipAddress":"::1","level":"info","message":"System Audit Log","riskScore":3,"service":"system-audit","severity":"low","suspicious":false,"timestamp":"2025-09-19 14:43:47","userId":"68b5cb81f1f0f9758b8afadd"}
{"action":"LIST_CLINICAL_NOTES","auditId":"68cd5e13db23d5fc6a08fac7","category":"data_access","ipAddress":"::1","level":"info","message":"System Audit Log","riskScore":3,"service":"system-audit","severity":"low","suspicious":false,"timestamp":"2025-09-19 14:43:47","userId":"68b5cb81f1f0f9758b8afadd"}
{"action":"CLINICAL_NOTE_ROUTE_ACCESS","auditId":"68cd5e14db23d5fc6a08fae9","category":"data_access","ipAddress":"::1","level":"info","message":"System Audit Log","riskScore":3,"service":"system-audit","severity":"low","suspicious":false,"timestamp":"2025-09-19 14:43:48","userId":"68b5cb81f1f0f9758b8afadd"}
{"action":"LIST_CLINICAL_NOTES","auditId":"68cd5e14db23d5fc6a08faea","category":"data_access","ipAddress":"::1","level":"info","message":"System Audit Log","riskScore":3,"service":"system-audit","severity":"low","suspicious":false,"timestamp":"2025-09-19 14:43:48","userId":"68b5cb81f1f0f9758b8afadd"}
{"action":"CLINICAL_NOTE_ROUTE_ACCESS","auditId":"68cd5e15db23d5fc6a08faf5","category":"data_access","ipAddress":"::1","level":"info","message":"System Audit Log","riskScore":3,"service":"system-audit","severity":"low","suspicious":false,"timestamp":"2025-09-19 14:43:49","userId":"68b5cb81f1f0f9758b8afadd"}
{"action":"LIST_CLINICAL_NOTES","auditId":"68cd5e15db23d5fc6a08faf6","category":"data_access","ipAddress":"::1","level":"info","message":"System Audit Log","riskScore":3,"service":"system-audit","severity":"low","suspicious":false,"timestamp":"2025-09-19 14:43:49","userId":"68b5cb81f1f0f9758b8afadd"}
{"action":"CLINICAL_NOTE_ROUTE_ACCESS","auditId":"68cd5e18db23d5fc6a08fb10","category":"data_access","ipAddress":"::1","level":"info","message":"System Audit Log","riskScore":3,"service":"system-audit","severity":"low","suspicious":false,"timestamp":"2025-09-19 14:43:52","userId":"68b5cb81f1f0f9758b8afadd"}
{"action":"LIST_CLINICAL_NOTES","auditId":"68cd5e18db23d5fc6a08fb11","category":"data_access","ipAddress":"::1","level":"info","message":"System Audit Log","riskScore":3,"service":"system-audit","severity":"low","suspicious":false,"timestamp":"2025-09-19 14:43:52","userId":"68b5cb81f1f0f9758b8afadd"}
{"action":"CLINICAL_NOTE_ROUTE_ACCESS","auditId":"68cd5e1bdb23d5fc6a08fb26","category":"data_access","ipAddress":"::1","level":"info","message":"System Audit Log","riskScore":3,"service":"system-audit","severity":"low","suspicious":false,"timestamp":"2025-09-19 14:43:55","userId":"68b5cb81f1f0f9758b8afadd"}
{"action":"LIST_CLINICAL_NOTES","auditId":"68cd5e1bdb23d5fc6a08fb27","category":"data_access","ipAddress":"::1","level":"info","message":"System Audit Log","riskScore":3,"service":"system-audit","severity":"low","suspicious":false,"timestamp":"2025-09-19 14:43:55","userId":"68b5cb81f1f0f9758b8afadd"}
{"action":"CLINICAL_NOTE_ROUTE_ACCESS","auditId":"68cd5e7bdb23d5fc6a08fb81","category":"data_access","ipAddress":"::1","level":"info","message":"System Audit Log","riskScore":3,"service":"system-audit","severity":"low","suspicious":false,"timestamp":"2025-09-19 14:45:31","userId":"68b5cb81f1f0f9758b8afadd"}
{"action":"SEARCH_CLINICAL_NOTES","auditId":"68cd5e7bdb23d5fc6a08fb82","category":"data_access","ipAddress":"::1","level":"info","message":"System Audit Log","riskScore":6,"service":"system-audit","severity":"medium","suspicious":false,"timestamp":"2025-09-19 14:45:31","userId":"68b5cb81f1f0f9758b8afadd"}
{"level":"info","message":"System metrics collection started","service":"pharma-care-api","timestamp":"2025-09-19 14:46:32"}
{"level":"info","message":"Daily workspace stats recalculation job scheduled","service":"pharma-care-api","timestamp":"2025-09-19 14:46:47"}
{"level":"info","message":"Monthly API call reset job scheduled","service":"pharma-care-api","timestamp":"2025-09-19 14:46:47"}
{"level":"info","message":"Stale stats check job scheduled","service":"pharma-care-api","timestamp":"2025-09-19 14:46:47"}
{"level":"info","message":"Workspace stats cron jobs started","service":"pharma-care-api","timestamp":"2025-09-19 14:46:47"}
{"level":"info","message":"Usage alert check job scheduled (every 6 hours)","service":"pharma-care-api","timestamp":"2025-09-19 14:46:47"}
{"level":"info","message":"Usage alert cron job started","service":"pharma-care-api","timestamp":"2025-09-19 14:46:47"}
{"alertId":"lxd5vbpkt","level":"warn","message":"Alert fired: High Memory Usage: memory_heap_usage_percent is 96.13180078046437%, threshold is 85%","metric":"memory_heap_usage_percent","ruleId":"ixlackwuh","service":"pharma-care-api","threshold":85,"timestamp":"2025-09-19 14:47:02","value":96.13180078046437}
{"level":"info","message":"System metrics collection started","service":"pharma-care-api","timestamp":"2025-09-19 14:48:53"}
{"level":"info","message":"Daily workspace stats recalculation job scheduled","service":"pharma-care-api","timestamp":"2025-09-19 14:49:11"}
{"level":"info","message":"Monthly API call reset job scheduled","service":"pharma-care-api","timestamp":"2025-09-19 14:49:11"}
{"level":"info","message":"Stale stats check job scheduled","service":"pharma-care-api","timestamp":"2025-09-19 14:49:11"}
{"level":"info","message":"Workspace stats cron jobs started","service":"pharma-care-api","timestamp":"2025-09-19 14:49:11"}
{"level":"info","message":"Usage alert check job scheduled (every 6 hours)","service":"pharma-care-api","timestamp":"2025-09-19 14:49:11"}
{"level":"info","message":"Usage alert cron job started","service":"pharma-care-api","timestamp":"2025-09-19 14:49:11"}
{"alertId":"r20iaqhza","level":"warn","message":"Alert fired: High Memory Usage: memory_heap_usage_percent is 95.67051115878805%, threshold is 85%","metric":"memory_heap_usage_percent","ruleId":"deriqu5db","service":"pharma-care-api","threshold":85,"timestamp":"2025-09-19 14:49:23","value":95.67051115878805}
{"level":"info","message":"System metrics collection started","service":"pharma-care-api","timestamp":"2025-09-19 14:50:36"}
{"level":"info","message":"Daily workspace stats recalculation job scheduled","service":"pharma-care-api","timestamp":"2025-09-19 14:50:51"}
{"level":"info","message":"Monthly API call reset job scheduled","service":"pharma-care-api","timestamp":"2025-09-19 14:50:51"}
{"level":"info","message":"Stale stats check job scheduled","service":"pharma-care-api","timestamp":"2025-09-19 14:50:51"}
{"level":"info","message":"Workspace stats cron jobs started","service":"pharma-care-api","timestamp":"2025-09-19 14:50:51"}
{"level":"info","message":"Usage alert check job scheduled (every 6 hours)","service":"pharma-care-api","timestamp":"2025-09-19 14:50:51"}
{"level":"info","message":"Usage alert cron job started","service":"pharma-care-api","timestamp":"2025-09-19 14:50:51"}
{"alertId":"dndabz3oy","level":"warn","message":"Alert fired: High Memory Usage: memory_heap_usage_percent is 95.69428839911104%, threshold is 85%","metric":"memory_heap_usage_percent","ruleId":"f5ro8d8g7","service":"pharma-care-api","threshold":85,"timestamp":"2025-09-19 14:51:06","value":95.69428839911104}
{"action":"CLINICAL_NOTE_ROUTE_ACCESS","auditId":"68cd5ff002da63312f1e2244","category":"data_access","ipAddress":"::1","level":"info","message":"System Audit Log","riskScore":3,"service":"system-audit","severity":"low","suspicious":false,"timestamp":"2025-09-19 14:51:44","userId":"68b5cb81f1f0f9758b8afadd"}
{"action":"LIST_CLINICAL_NOTES","auditId":"68cd5ff002da63312f1e2245","category":"data_access","ipAddress":"::1","level":"info","message":"System Audit Log","riskScore":3,"service":"system-audit","severity":"low","suspicious":false,"timestamp":"2025-09-19 14:51:44","userId":"68b5cb81f1f0f9758b8afadd"}
{"action":"CLINICAL_NOTE_ROUTE_ACCESS","auditId":"68cd5ff102da63312f1e225c","category":"data_access","ipAddress":"::1","level":"info","message":"System Audit Log","riskScore":3,"service":"system-audit","severity":"low","suspicious":false,"timestamp":"2025-09-19 14:51:45","userId":"68b5cb81f1f0f9758b8afadd"}
{"action":"LIST_CLINICAL_NOTES","auditId":"68cd5ff102da63312f1e225d","category":"data_access","ipAddress":"::1","level":"info","message":"System Audit Log","riskScore":3,"service":"system-audit","severity":"low","suspicious":false,"timestamp":"2025-09-19 14:51:45","userId":"68b5cb81f1f0f9758b8afadd"}
{"action":"CLINICAL_NOTE_ROUTE_ACCESS","auditId":"68cd5ff402da63312f1e22a9","category":"data_access","ipAddress":"::1","level":"info","message":"System Audit Log","riskScore":3,"service":"system-audit","severity":"low","suspicious":false,"timestamp":"2025-09-19 14:51:48","userId":"68b5cb81f1f0f9758b8afadd"}
{"action":"LIST_CLINICAL_NOTES","auditId":"68cd5ff402da63312f1e22aa","category":"data_access","ipAddress":"::1","level":"info","message":"System Audit Log","riskScore":3,"service":"system-audit","severity":"low","suspicious":false,"timestamp":"2025-09-19 14:51:48","userId":"68b5cb81f1f0f9758b8afadd"}
{"action":"CLINICAL_NOTE_ROUTE_ACCESS","auditId":"68cd5ff402da63312f1e22ae","category":"data_access","ipAddress":"::1","level":"info","message":"System Audit Log","riskScore":3,"service":"system-audit","severity":"low","suspicious":false,"timestamp":"2025-09-19 14:51:48","userId":"68b5cb81f1f0f9758b8afadd"}
{"action":"LIST_CLINICAL_NOTES","auditId":"68cd5ff402da63312f1e22af","category":"data_access","ipAddress":"::1","level":"info","message":"System Audit Log","riskScore":3,"service":"system-audit","severity":"low","suspicious":false,"timestamp":"2025-09-19 14:51:48","userId":"68b5cb81f1f0f9758b8afadd"}
{"action":"CLINICAL_NOTE_ROUTE_ACCESS","auditId":"68cd5ff702da63312f1e22e4","category":"data_access","ipAddress":"::1","level":"info","message":"System Audit Log","riskScore":3,"service":"system-audit","severity":"low","suspicious":false,"timestamp":"2025-09-19 14:51:51","userId":"68b5cb81f1f0f9758b8afadd"}
{"action":"LIST_CLINICAL_NOTES","auditId":"68cd5ff702da63312f1e22e5","category":"data_access","ipAddress":"::1","level":"info","message":"System Audit Log","riskScore":3,"service":"system-audit","severity":"low","suspicious":false,"timestamp":"2025-09-19 14:51:51","userId":"68b5cb81f1f0f9758b8afadd"}
{"action":"CLINICAL_NOTE_ROUTE_ACCESS","auditId":"68cd5ff702da63312f1e22f3","category":"data_access","ipAddress":"::1","level":"info","message":"System Audit Log","riskScore":3,"service":"system-audit","severity":"low","suspicious":false,"timestamp":"2025-09-19 14:51:51","userId":"68b5cb81f1f0f9758b8afadd"}
{"action":"LIST_CLINICAL_NOTES","auditId":"68cd5ff702da63312f1e22f4","category":"data_access","ipAddress":"::1","level":"info","message":"System Audit Log","riskScore":3,"service":"system-audit","severity":"low","suspicious":false,"timestamp":"2025-09-19 14:51:51","userId":"68b5cb81f1f0f9758b8afadd"}
{"action":"CLINICAL_NOTE_ROUTE_ACCESS","auditId":"68cd5ff902da63312f1e2314","category":"data_access","ipAddress":"::1","level":"info","message":"System Audit Log","riskScore":3,"service":"system-audit","severity":"low","suspicious":false,"timestamp":"2025-09-19 14:51:53","userId":"68b5cb81f1f0f9758b8afadd"}
{"action":"LIST_CLINICAL_NOTES","auditId":"68cd5ff902da63312f1e2315","category":"data_access","ipAddress":"::1","level":"info","message":"System Audit Log","riskScore":3,"service":"system-audit","severity":"low","suspicious":false,"timestamp":"2025-09-19 14:51:53","userId":"68b5cb81f1f0f9758b8afadd"}
{"action":"CLINICAL_NOTE_ROUTE_ACCESS","auditId":"68cd5ffa02da63312f1e231c","category":"data_access","ipAddress":"::1","level":"info","message":"System Audit Log","riskScore":3,"service":"system-audit","severity":"low","suspicious":false,"timestamp":"2025-09-19 14:51:54","userId":"68b5cb81f1f0f9758b8afadd"}
{"action":"LIST_CLINICAL_NOTES","auditId":"68cd5ffa02da63312f1e231d","category":"data_access","ipAddress":"::1","level":"info","message":"System Audit Log","riskScore":3,"service":"system-audit","severity":"low","suspicious":false,"timestamp":"2025-09-19 14:51:54","userId":"68b5cb81f1f0f9758b8afadd"}
{"action":"CLINICAL_NOTE_ROUTE_ACCESS","auditId":"68cd5ffc02da63312f1e2338","category":"data_access","ipAddress":"::1","level":"info","message":"System Audit Log","riskScore":3,"service":"system-audit","severity":"low","suspicious":false,"timestamp":"2025-09-19 14:51:56","userId":"68b5cb81f1f0f9758b8afadd"}
{"action":"LIST_CLINICAL_NOTES","auditId":"68cd5ffc02da63312f1e2339","category":"data_access","ipAddress":"::1","level":"info","message":"System Audit Log","riskScore":3,"service":"system-audit","severity":"low","suspicious":false,"timestamp":"2025-09-19 14:51:56","userId":"68b5cb81f1f0f9758b8afadd"}
{"action":"CLINICAL_NOTE_ROUTE_ACCESS","auditId":"68cd5fff02da63312f1e234f","category":"data_access","ipAddress":"::1","level":"info","message":"System Audit Log","riskScore":3,"service":"system-audit","severity":"low","suspicious":false,"timestamp":"2025-09-19 14:51:59","userId":"68b5cb81f1f0f9758b8afadd"}
{"action":"LIST_CLINICAL_NOTES","auditId":"68cd5fff02da63312f1e2350","category":"data_access","ipAddress":"::1","level":"info","message":"System Audit Log","riskScore":3,"service":"system-audit","severity":"low","suspicious":false,"timestamp":"2025-09-19 14:51:59","userId":"68b5cb81f1f0f9758b8afadd"}
{"level":"info","message":"System metrics collection started","service":"pharma-care-api","timestamp":"2025-09-19 15:01:01"}
{"level":"info","message":"Daily workspace stats recalculation job scheduled","service":"pharma-care-api","timestamp":"2025-09-19 15:01:15"}
{"level":"info","message":"Monthly API call reset job scheduled","service":"pharma-care-api","timestamp":"2025-09-19 15:01:15"}
{"level":"info","message":"Stale stats check job scheduled","service":"pharma-care-api","timestamp":"2025-09-19 15:01:15"}
{"level":"info","message":"Workspace stats cron jobs started","service":"pharma-care-api","timestamp":"2025-09-19 15:01:15"}
{"level":"info","message":"Usage alert check job scheduled (every 6 hours)","service":"pharma-care-api","timestamp":"2025-09-19 15:01:15"}
{"level":"info","message":"Usage alert cron job started","service":"pharma-care-api","timestamp":"2025-09-19 15:01:15"}
{"alertId":"op808mogg","level":"warn","message":"Alert fired: High Memory Usage: memory_heap_usage_percent is 96.52403493136805%, threshold is 85%","metric":"memory_heap_usage_percent","ruleId":"g2tc95ssj","service":"pharma-care-api","threshold":85,"timestamp":"2025-09-19 15:01:31","value":96.52403493136805}
{"action":"CLINICAL_NOTE_ROUTE_ACCESS","auditId":"68cd624a48449be9c2a22c48","category":"data_access","ipAddress":"::1","level":"info","message":"System Audit Log","riskScore":3,"service":"system-audit","severity":"low","suspicious":false,"timestamp":"2025-09-19 15:01:46","userId":"68b5cb81f1f0f9758b8afadd"}
{"action":"SEARCH_CLINICAL_NOTES","auditId":"68cd624a48449be9c2a22c49","category":"data_access","ipAddress":"::1","level":"info","message":"System Audit Log","riskScore":6,"service":"system-audit","severity":"medium","suspicious":false,"timestamp":"2025-09-19 15:01:46","userId":"68b5cb81f1f0f9758b8afadd"}
{"action":"CLINICAL_NOTE_ROUTE_ACCESS","auditId":"68cd625848449be9c2a22c98","category":"data_access","ipAddress":"::1","level":"info","message":"System Audit Log","riskScore":3,"service":"system-audit","severity":"low","suspicious":false,"timestamp":"2025-09-19 15:02:00","userId":"68b5cb81f1f0f9758b8afadd"}
{"action":"LIST_CLINICAL_NOTES","auditId":"68cd625848449be9c2a22c99","category":"data_access","ipAddress":"::1","level":"info","message":"System Audit Log","riskScore":3,"service":"system-audit","severity":"low","suspicious":false,"timestamp":"2025-09-19 15:02:00","userId":"68b5cb81f1f0f9758b8afadd"}
{"action":"CLINICAL_NOTE_ROUTE_ACCESS","auditId":"68cd625948449be9c2a22caf","category":"data_access","ipAddress":"::1","level":"info","message":"System Audit Log","riskScore":3,"service":"system-audit","severity":"low","suspicious":false,"timestamp":"2025-09-19 15:02:01","userId":"68b5cb81f1f0f9758b8afadd"}
{"action":"LIST_CLINICAL_NOTES","auditId":"68cd625948449be9c2a22cb0","category":"data_access","ipAddress":"::1","level":"info","message":"System Audit Log","riskScore":3,"service":"system-audit","severity":"low","suspicious":false,"timestamp":"2025-09-19 15:02:01","userId":"68b5cb81f1f0f9758b8afadd"}
{"action":"CLINICAL_NOTE_ROUTE_ACCESS","auditId":"68cd625d48449be9c2a22cfd","category":"data_access","ipAddress":"::1","level":"info","message":"System Audit Log","riskScore":3,"service":"system-audit","severity":"low","suspicious":false,"timestamp":"2025-09-19 15:02:05","userId":"68b5cb81f1f0f9758b8afadd"}
{"action":"LIST_CLINICAL_NOTES","auditId":"68cd625d48449be9c2a22cfe","category":"data_access","ipAddress":"::1","level":"info","message":"System Audit Log","riskScore":3,"service":"system-audit","severity":"low","suspicious":false,"timestamp":"2025-09-19 15:02:05","userId":"68b5cb81f1f0f9758b8afadd"}
{"action":"CLINICAL_NOTE_ROUTE_ACCESS","auditId":"68cd625d48449be9c2a22d00","category":"data_access","ipAddress":"::1","level":"info","message":"System Audit Log","riskScore":3,"service":"system-audit","severity":"low","suspicious":false,"timestamp":"2025-09-19 15:02:05","userId":"68b5cb81f1f0f9758b8afadd"}
{"action":"LIST_CLINICAL_NOTES","auditId":"68cd625d48449be9c2a22d01","category":"data_access","ipAddress":"::1","level":"info","message":"System Audit Log","riskScore":3,"service":"system-audit","severity":"low","suspicious":false,"timestamp":"2025-09-19 15:02:05","userId":"68b5cb81f1f0f9758b8afadd"}
{"action":"CLINICAL_NOTE_ROUTE_ACCESS","auditId":"68cd625f48449be9c2a22d2e","category":"data_access","ipAddress":"::1","level":"info","message":"System Audit Log","riskScore":3,"service":"system-audit","severity":"low","suspicious":false,"timestamp":"2025-09-19 15:02:07","userId":"68b5cb81f1f0f9758b8afadd"}
{"action":"LIST_CLINICAL_NOTES","auditId":"68cd625f48449be9c2a22d2f","category":"data_access","ipAddress":"::1","level":"info","message":"System Audit Log","riskScore":3,"service":"system-audit","severity":"low","suspicious":false,"timestamp":"2025-09-19 15:02:07","userId":"68b5cb81f1f0f9758b8afadd"}
{"action":"CLINICAL_NOTE_ROUTE_ACCESS","auditId":"68cd626048449be9c2a22d49","category":"data_access","ipAddress":"::1","level":"info","message":"System Audit Log","riskScore":3,"service":"system-audit","severity":"low","suspicious":false,"timestamp":"2025-09-19 15:02:08","userId":"68b5cb81f1f0f9758b8afadd"}
{"action":"LIST_CLINICAL_NOTES","auditId":"68cd626048449be9c2a22d4a","category":"data_access","ipAddress":"::1","level":"info","message":"System Audit Log","riskScore":3,"service":"system-audit","severity":"low","suspicious":false,"timestamp":"2025-09-19 15:02:08","userId":"68b5cb81f1f0f9758b8afadd"}
{"action":"CLINICAL_NOTE_ROUTE_ACCESS","auditId":"68cd626248449be9c2a22d5f","category":"data_access","ipAddress":"::1","level":"info","message":"System Audit Log","riskScore":3,"service":"system-audit","severity":"low","suspicious":false,"timestamp":"2025-09-19 15:02:10","userId":"68b5cb81f1f0f9758b8afadd"}
{"action":"LIST_CLINICAL_NOTES","auditId":"68cd626248449be9c2a22d60","category":"data_access","ipAddress":"::1","level":"info","message":"System Audit Log","riskScore":3,"service":"system-audit","severity":"low","suspicious":false,"timestamp":"2025-09-19 15:02:10","userId":"68b5cb81f1f0f9758b8afadd"}
{"action":"CLINICAL_NOTE_ROUTE_ACCESS","auditId":"68cd626348449be9c2a22d6f","category":"data_access","ipAddress":"::1","level":"info","message":"System Audit Log","riskScore":3,"service":"system-audit","severity":"low","suspicious":false,"timestamp":"2025-09-19 15:02:11","userId":"68b5cb81f1f0f9758b8afadd"}
{"action":"LIST_CLINICAL_NOTES","auditId":"68cd626348449be9c2a22d70","category":"data_access","ipAddress":"::1","level":"info","message":"System Audit Log","riskScore":3,"service":"system-audit","severity":"low","suspicious":false,"timestamp":"2025-09-19 15:02:11","userId":"68b5cb81f1f0f9758b8afadd"}
{"action":"CLINICAL_NOTE_ROUTE_ACCESS","auditId":"68cd626648449be9c2a22d8b","category":"data_access","ipAddress":"::1","level":"info","message":"System Audit Log","riskScore":3,"service":"system-audit","severity":"low","suspicious":false,"timestamp":"2025-09-19 15:02:14","userId":"68b5cb81f1f0f9758b8afadd"}
{"action":"LIST_CLINICAL_NOTES","auditId":"68cd626648449be9c2a22d8c","category":"data_access","ipAddress":"::1","level":"info","message":"System Audit Log","riskScore":3,"service":"system-audit","severity":"low","suspicious":false,"timestamp":"2025-09-19 15:02:14","userId":"68b5cb81f1f0f9758b8afadd"}
{"action":"CLINICAL_NOTE_ROUTE_ACCESS","auditId":"68cd626948449be9c2a22da3","category":"data_access","ipAddress":"::1","level":"info","message":"System Audit Log","riskScore":3,"service":"system-audit","severity":"low","suspicious":false,"timestamp":"2025-09-19 15:02:17","userId":"68b5cb81f1f0f9758b8afadd"}
{"action":"LIST_CLINICAL_NOTES","auditId":"68cd626948449be9c2a22da4","category":"data_access","ipAddress":"::1","level":"info","message":"System Audit Log","riskScore":3,"service":"system-audit","severity":"low","suspicious":false,"timestamp":"2025-09-19 15:02:17","userId":"68b5cb81f1f0f9758b8afadd"}
